{"message":"can't find crate for `ethereum_tx_sign`","code":{"code":"E0463","explanation":"A plugin/crate was declared but cannot be found.\n\nErroneous code example:\n\n```compile_fail,E0463\n#![feature(plugin)]\n#![plugin(cookie_monster)] // error: can't find crate for `cookie_monster`\nextern crate cake_is_a_lie; // error: can't find crate for `cake_is_a_lie`\n```\n\nYou need to link your code to the relevant crate in order to be able to use it\n(through Cargo or the `-L` option of rustc example). Plugins are crates as\nwell, and you link to them the same way.\n\n## Common causes\n\n- The crate is not present at all. If using Cargo, add it to `[dependencies]`\n  in Cargo.toml.\n- The crate is present, but under a different name. If using Cargo, look for\n  `package = ` under `[dependencies]` in Cargo.toml.\n\n## Common causes for missing `std` or `core`\n\n- You are cross-compiling for a target which doesn't have `std` prepackaged.\n  Consider one of the following:\n  + Adding a pre-compiled version of std with `rustup target add`\n  + Building std from source with `cargo build -Z build-std`\n  + Using `#![no_std]` at the crate root, so you won't need `std` in the first\n    place.\n- You are developing the compiler itself and haven't built libstd from source.\n  You can usually build it with `x.py build library/std`. More information\n  about x.py is available in the [rustc-dev-guide].\n\n[rustc-dev-guide]: https://rustc-dev-guide.rust-lang.org/building/how-to-build-and-run.html#building-the-compiler\n"},"level":"error","spans":[{"file_name":"src/main.rs","byte_start":19,"byte_end":49,"line_start":2,"line_end":2,"column_start":1,"column_end":31,"is_primary":true,"text":[{"text":"extern crate ethereum_tx_sign;","highlight_start":1,"highlight_end":31}],"label":"can't find crate","suggested_replacement":null,"suggestion_applicability":null,"expansion":null}],"children":[],"rendered":"\u001b[0m\u001b[1m\u001b[38;5;9merror[E0463]\u001b[0m\u001b[0m\u001b[1m: can't find crate for `ethereum_tx_sign`\u001b[0m\n\u001b[0m \u001b[0m\u001b[0m\u001b[1m\u001b[38;5;12m--> \u001b[0m\u001b[0msrc/main.rs:2:1\u001b[0m\n\u001b[0m  \u001b[0m\u001b[0m\u001b[1m\u001b[38;5;12m|\u001b[0m\n\u001b[0m\u001b[1m\u001b[38;5;12m2\u001b[0m\u001b[0m \u001b[0m\u001b[0m\u001b[1m\u001b[38;5;12m|\u001b[0m\u001b[0m \u001b[0m\u001b[0mextern crate ethereum_tx_sign;\u001b[0m\n\u001b[0m  \u001b[0m\u001b[0m\u001b[1m\u001b[38;5;12m| \u001b[0m\u001b[0m\u001b[1m\u001b[38;5;9m^^^^^^^^^^^^^^^^^^^^^^^^^^^^^^\u001b[0m\u001b[0m \u001b[0m\u001b[0m\u001b[1m\u001b[38;5;9mcan't find crate\u001b[0m\n\n"}
{"message":"can't find crate for `ethereum_types`","code":{"code":"E0463","explanation":"A plugin/crate was declared but cannot be found.\n\nErroneous code example:\n\n```compile_fail,E0463\n#![feature(plugin)]\n#![plugin(cookie_monster)] // error: can't find crate for `cookie_monster`\nextern crate cake_is_a_lie; // error: can't find crate for `cake_is_a_lie`\n```\n\nYou need to link your code to the relevant crate in order to be able to use it\n(through Cargo or the `-L` option of rustc example). Plugins are crates as\nwell, and you link to them the same way.\n\n## Common causes\n\n- The crate is not present at all. If using Cargo, add it to `[dependencies]`\n  in Cargo.toml.\n- The crate is present, but under a different name. If using Cargo, look for\n  `package = ` under `[dependencies]` in Cargo.toml.\n\n## Common causes for missing `std` or `core`\n\n- You are cross-compiling for a target which doesn't have `std` prepackaged.\n  Consider one of the following:\n  + Adding a pre-compiled version of std with `rustup target add`\n  + Building std from source with `cargo build -Z build-std`\n  + Using `#![no_std]` at the crate root, so you won't need `std` in the first\n    place.\n- You are developing the compiler itself and haven't built libstd from source.\n  You can usually build it with `x.py build library/std`. More information\n  about x.py is available in the [rustc-dev-guide].\n\n[rustc-dev-guide]: https://rustc-dev-guide.rust-lang.org/building/how-to-build-and-run.html#building-the-compiler\n"},"level":"error","spans":[{"file_name":"src/main.rs","byte_start":50,"byte_end":78,"line_start":3,"line_end":3,"column_start":1,"column_end":29,"is_primary":true,"text":[{"text":"extern crate ethereum_types;","highlight_start":1,"highlight_end":29}],"label":"can't find crate","suggested_replacement":null,"suggestion_applicability":null,"expansion":null}],"children":[],"rendered":"\u001b[0m\u001b[1m\u001b[38;5;9merror[E0463]\u001b[0m\u001b[0m\u001b[1m: can't find crate for `ethereum_types`\u001b[0m\n\u001b[0m \u001b[0m\u001b[0m\u001b[1m\u001b[38;5;12m--> \u001b[0m\u001b[0msrc/main.rs:3:1\u001b[0m\n\u001b[0m  \u001b[0m\u001b[0m\u001b[1m\u001b[38;5;12m|\u001b[0m\n\u001b[0m\u001b[1m\u001b[38;5;12m3\u001b[0m\u001b[0m \u001b[0m\u001b[0m\u001b[1m\u001b[38;5;12m|\u001b[0m\u001b[0m \u001b[0m\u001b[0mextern crate ethereum_types;\u001b[0m\n\u001b[0m  \u001b[0m\u001b[0m\u001b[1m\u001b[38;5;12m| \u001b[0m\u001b[0m\u001b[1m\u001b[38;5;9m^^^^^^^^^^^^^^^^^^^^^^^^^^^^\u001b[0m\u001b[0m \u001b[0m\u001b[0m\u001b[1m\u001b[38;5;9mcan't find crate\u001b[0m\n\n"}
{"message":"can't find crate for `hex`","code":{"code":"E0463","explanation":"A plugin/crate was declared but cannot be found.\n\nErroneous code example:\n\n```compile_fail,E0463\n#![feature(plugin)]\n#![plugin(cookie_monster)] // error: can't find crate for `cookie_monster`\nextern crate cake_is_a_lie; // error: can't find crate for `cake_is_a_lie`\n```\n\nYou need to link your code to the relevant crate in order to be able to use it\n(through Cargo or the `-L` option of rustc example). Plugins are crates as\nwell, and you link to them the same way.\n\n## Common causes\n\n- The crate is not present at all. If using Cargo, add it to `[dependencies]`\n  in Cargo.toml.\n- The crate is present, but under a different name. If using Cargo, look for\n  `package = ` under `[dependencies]` in Cargo.toml.\n\n## Common causes for missing `std` or `core`\n\n- You are cross-compiling for a target which doesn't have `std` prepackaged.\n  Consider one of the following:\n  + Adding a pre-compiled version of std with `rustup target add`\n  + Building std from source with `cargo build -Z build-std`\n  + Using `#![no_std]` at the crate root, so you won't need `std` in the first\n    place.\n- You are developing the compiler itself and haven't built libstd from source.\n  You can usually build it with `x.py build library/std`. More information\n  about x.py is available in the [rustc-dev-guide].\n\n[rustc-dev-guide]: https://rustc-dev-guide.rust-lang.org/building/how-to-build-and-run.html#building-the-compiler\n"},"level":"error","spans":[{"file_name":"src/main.rs","byte_start":79,"byte_end":96,"line_start":4,"line_end":4,"column_start":1,"column_end":18,"is_primary":true,"text":[{"text":"extern crate hex;","highlight_start":1,"highlight_end":18}],"label":"can't find crate","suggested_replacement":null,"suggestion_applicability":null,"expansion":null}],"children":[],"rendered":"\u001b[0m\u001b[1m\u001b[38;5;9merror[E0463]\u001b[0m\u001b[0m\u001b[1m: can't find crate for `hex`\u001b[0m\n\u001b[0m \u001b[0m\u001b[0m\u001b[1m\u001b[38;5;12m--> \u001b[0m\u001b[0msrc/main.rs:4:1\u001b[0m\n\u001b[0m  \u001b[0m\u001b[0m\u001b[1m\u001b[38;5;12m|\u001b[0m\n\u001b[0m\u001b[1m\u001b[38;5;12m4\u001b[0m\u001b[0m \u001b[0m\u001b[0m\u001b[1m\u001b[38;5;12m|\u001b[0m\u001b[0m \u001b[0m\u001b[0mextern crate hex;\u001b[0m\n\u001b[0m  \u001b[0m\u001b[0m\u001b[1m\u001b[38;5;12m| \u001b[0m\u001b[0m\u001b[1m\u001b[38;5;9m^^^^^^^^^^^^^^^^^\u001b[0m\u001b[0m \u001b[0m\u001b[0m\u001b[1m\u001b[38;5;9mcan't find crate\u001b[0m\n\n"}
{"message":"unused import: `web3::futures::Future`","code":{"code":"unused_imports","explanation":null},"level":"warning","spans":[{"file_name":"src/main.rs","byte_start":102,"byte_end":123,"line_start":6,"line_end":6,"column_start":5,"column_end":26,"is_primary":true,"text":[{"text":"use web3::futures::Future;","highlight_start":5,"highlight_end":26}],"label":null,"suggested_replacement":null,"suggestion_applicability":null,"expansion":null}],"children":[{"message":"`#[warn(unused_imports)]` on by default","code":null,"level":"note","spans":[],"children":[],"rendered":null},{"message":"remove the whole `use` item","code":null,"level":"help","spans":[{"file_name":"src/main.rs","byte_start":98,"byte_end":124,"line_start":6,"line_end":6,"column_start":1,"column_end":27,"is_primary":true,"text":[{"text":"use web3::futures::Future;","highlight_start":1,"highlight_end":27}],"label":null,"suggested_replacement":"","suggestion_applicability":"MachineApplicable","expansion":null}],"children":[],"rendered":null}],"rendered":"\u001b[0m\u001b[1m\u001b[33mwarning\u001b[0m\u001b[0m\u001b[1m: unused import: `web3::futures::Future`\u001b[0m\n\u001b[0m \u001b[0m\u001b[0m\u001b[1m\u001b[38;5;12m--> \u001b[0m\u001b[0msrc/main.rs:6:5\u001b[0m\n\u001b[0m  \u001b[0m\u001b[0m\u001b[1m\u001b[38;5;12m|\u001b[0m\n\u001b[0m\u001b[1m\u001b[38;5;12m6\u001b[0m\u001b[0m \u001b[0m\u001b[0m\u001b[1m\u001b[38;5;12m|\u001b[0m\u001b[0m \u001b[0m\u001b[0muse web3::futures::Future;\u001b[0m\n\u001b[0m  \u001b[0m\u001b[0m\u001b[1m\u001b[38;5;12m| \u001b[0m\u001b[0m    \u001b[0m\u001b[0m\u001b[1m\u001b[33m^^^^^^^^^^^^^^^^^^^^^\u001b[0m\n\u001b[0m  \u001b[0m\u001b[0m\u001b[1m\u001b[38;5;12m|\u001b[0m\n\u001b[0m  \u001b[0m\u001b[0m\u001b[1m\u001b[38;5;12m= \u001b[0m\u001b[0m\u001b[1mnote\u001b[0m\u001b[0m: `#[warn(unused_imports)]` on by default\u001b[0m\n\n"}
{"message":"mismatched types","code":{"code":"E0308","explanation":"Expected type did not match the received type.\n\nErroneous code examples:\n\n```compile_fail,E0308\nfn plus_one(x: i32) -> i32 {\n    x + 1\n}\n\nplus_one(\"Not a number\");\n//       ^^^^^^^^^^^^^^ expected `i32`, found `&str`\n\nif \"Not a bool\" {\n// ^^^^^^^^^^^^ expected `bool`, found `&str`\n}\n\nlet x: f32 = \"Not a float\";\n//     ---   ^^^^^^^^^^^^^ expected `f32`, found `&str`\n//     |\n//     expected due to this\n```\n\nThis error occurs when an expression was used in a place where the compiler\nexpected an expression of a different type. It can occur in several cases, the\nmost common being when calling a function and passing an argument which has a\ndifferent type than the matching type in the function declaration.\n"},"level":"error","spans":[{"file_name":"src/main.rs","byte_start":246,"byte_end":265,"line_start":12,"line_end":12,"column_start":9,"column_end":28,"is_primary":true,"text":[{"text":"    let (_eloop, transport) = web3::transports::Http::new(\"http://localhost:8545\").unwrap();","highlight_start":9,"highlight_end":28}],"label":"expected struct `Http`, found tuple","suggested_replacement":null,"suggestion_applicability":null,"expansion":null},{"file_name":"src/main.rs","byte_start":268,"byte_end":329,"line_start":12,"line_end":12,"column_start":31,"column_end":92,"is_primary":false,"text":[{"text":"    let (_eloop, transport) = web3::transports::Http::new(\"http://localhost:8545\").unwrap();","highlight_start":31,"highlight_end":92}],"label":"this expression has type `Http`","suggested_replacement":null,"suggestion_applicability":null,"expansion":null}],"children":[{"message":"expected struct `Http`\n    found tuple `(_, _)`","code":null,"level":"note","spans":[],"children":[],"rendered":null}],"rendered":"\u001b[0m\u001b[1m\u001b[38;5;9merror[E0308]\u001b[0m\u001b[0m\u001b[1m: mismatched types\u001b[0m\n\u001b[0m  \u001b[0m\u001b[0m\u001b[1m\u001b[38;5;12m--> \u001b[0m\u001b[0msrc/main.rs:12:9\u001b[0m\n\u001b[0m   \u001b[0m\u001b[0m\u001b[1m\u001b[38;5;12m|\u001b[0m\n\u001b[0m\u001b[1m\u001b[38;5;12m12\u001b[0m\u001b[0m \u001b[0m\u001b[0m\u001b[1m\u001b[38;5;12m|\u001b[0m\u001b[0m \u001b[0m\u001b[0m    let (_eloop, transport) = web3::transports::Http::new(\"http://localhost:8545\").unwrap();\u001b[0m\n\u001b[0m   \u001b[0m\u001b[0m\u001b[1m\u001b[38;5;12m| \u001b[0m\u001b[0m        \u001b[0m\u001b[0m\u001b[1m\u001b[38;5;9m^^^^^^^^^^^^^^^^^^^\u001b[0m\u001b[0m   \u001b[0m\u001b[0m\u001b[1m\u001b[38;5;12m-------------------------------------------------------------\u001b[0m\u001b[0m \u001b[0m\u001b[0m\u001b[1m\u001b[38;5;12mthis expression has type `Http`\u001b[0m\n\u001b[0m   \u001b[0m\u001b[0m\u001b[1m\u001b[38;5;12m| \u001b[0m\u001b[0m        \u001b[0m\u001b[0m\u001b[1m\u001b[38;5;9m|\u001b[0m\n\u001b[0m   \u001b[0m\u001b[0m\u001b[1m\u001b[38;5;12m| \u001b[0m\u001b[0m        \u001b[0m\u001b[0m\u001b[1m\u001b[38;5;9mexpected struct `Http`, found tuple\u001b[0m\n\u001b[0m   \u001b[0m\u001b[0m\u001b[1m\u001b[38;5;12m|\u001b[0m\n\u001b[0m   \u001b[0m\u001b[0m\u001b[1m\u001b[38;5;12m= \u001b[0m\u001b[0m\u001b[1mnote\u001b[0m\u001b[0m: expected struct `\u001b[0m\u001b[0m\u001b[1mHttp\u001b[0m\u001b[0m`\u001b[0m\n\u001b[0m               found tuple `\u001b[0m\u001b[0m\u001b[1m(_, _)\u001b[0m\u001b[0m`\u001b[0m\n\n"}
{"message":"no method named `wait` found for struct `CallFuture` in the current scope","code":{"code":"E0599","explanation":"This error occurs when a method is used on a type which doesn't implement it:\n\nErroneous code example:\n\n```compile_fail,E0599\nstruct Mouth;\n\nlet x = Mouth;\nx.chocolate(); // error: no method named `chocolate` found for type `Mouth`\n               //        in the current scope\n```\n\nIn this case, you need to implement the `chocolate` method to fix the error:\n\n```\nstruct Mouth;\n\nimpl Mouth {\n    fn chocolate(&self) { // We implement the `chocolate` method here.\n        println!(\"Hmmm! I love chocolate!\");\n    }\n}\n\nlet x = Mouth;\nx.chocolate(); // ok!\n```\n"},"level":"error","spans":[{"file_name":"src/main.rs","byte_start":416,"byte_end":420,"line_start":15,"line_end":15,"column_start":42,"column_end":46,"is_primary":true,"text":[{"text":"    let accounts = web3.eth().accounts().wait().unwrap();","highlight_start":42,"highlight_end":46}],"label":"method not found in `CallFuture<Vec<H160>, _>`","suggested_replacement":null,"suggestion_applicability":null,"expansion":null}],"children":[],"rendered":"\u001b[0m\u001b[1m\u001b[38;5;9merror[E0599]\u001b[0m\u001b[0m\u001b[1m: no method named `wait` found for struct `CallFuture` in the current scope\u001b[0m\n\u001b[0m  \u001b[0m\u001b[0m\u001b[1m\u001b[38;5;12m--> \u001b[0m\u001b[0msrc/main.rs:15:42\u001b[0m\n\u001b[0m   \u001b[0m\u001b[0m\u001b[1m\u001b[38;5;12m|\u001b[0m\n\u001b[0m\u001b[1m\u001b[38;5;12m15\u001b[0m\u001b[0m \u001b[0m\u001b[0m\u001b[1m\u001b[38;5;12m|\u001b[0m\u001b[0m \u001b[0m\u001b[0m    let accounts = web3.eth().accounts().wait().unwrap();\u001b[0m\n\u001b[0m   \u001b[0m\u001b[0m\u001b[1m\u001b[38;5;12m| \u001b[0m\u001b[0m                                         \u001b[0m\u001b[0m\u001b[1m\u001b[38;5;9m^^^^\u001b[0m\u001b[0m \u001b[0m\u001b[0m\u001b[1m\u001b[38;5;9mmethod not found in `CallFuture<Vec<H160>, _>`\u001b[0m\n\n"}
{"message":"no method named `wait` found for struct `CallFuture` in the current scope","code":{"code":"E0599","explanation":"This error occurs when a method is used on a type which doesn't implement it:\n\nErroneous code example:\n\n```compile_fail,E0599\nstruct Mouth;\n\nlet x = Mouth;\nx.chocolate(); // error: no method named `chocolate` found for type `Mouth`\n               //        in the current scope\n```\n\nIn this case, you need to implement the `chocolate` method to fix the error:\n\n```\nstruct Mouth;\n\nimpl Mouth {\n    fn chocolate(&self) { // We implement the `chocolate` method here.\n        println!(\"Hmmm! I love chocolate!\");\n    }\n}\n\nlet x = Mouth;\nx.chocolate(); // ok!\n```\n"},"level":"error","spans":[{"file_name":"src/main.rs","byte_start":497,"byte_end":501,"line_start":17,"line_end":17,"column_start":64,"column_end":68,"is_primary":true,"text":[{"text":"    let balance_before = web3.eth().balance(accounts[1], None).wait().unwrap();","highlight_start":64,"highlight_end":68}],"label":"method not found in `CallFuture<U256, _>`","suggested_replacement":null,"suggestion_applicability":null,"expansion":null}],"children":[],"rendered":"\u001b[0m\u001b[1m\u001b[38;5;9merror[E0599]\u001b[0m\u001b[0m\u001b[1m: no method named `wait` found for struct `CallFuture` in the current scope\u001b[0m\n\u001b[0m  \u001b[0m\u001b[0m\u001b[1m\u001b[38;5;12m--> \u001b[0m\u001b[0msrc/main.rs:17:64\u001b[0m\n\u001b[0m   \u001b[0m\u001b[0m\u001b[1m\u001b[38;5;12m|\u001b[0m\n\u001b[0m\u001b[1m\u001b[38;5;12m17\u001b[0m\u001b[0m \u001b[0m\u001b[0m\u001b[1m\u001b[38;5;12m|\u001b[0m\u001b[0m \u001b[0m\u001b[0m    let balance_before = web3.eth().balance(accounts[1], None).wait().unwrap();\u001b[0m\n\u001b[0m   \u001b[0m\u001b[0m\u001b[1m\u001b[38;5;12m| \u001b[0m\u001b[0m                                                               \u001b[0m\u001b[0m\u001b[1m\u001b[38;5;9m^^^^\u001b[0m\u001b[0m \u001b[0m\u001b[0m\u001b[1m\u001b[38;5;9mmethod not found in `CallFuture<U256, _>`\u001b[0m\n\n"}
{"message":"no method named `wait` found for struct `CallFuture` in the current scope","code":{"code":"E0599","explanation":"This error occurs when a method is used on a type which doesn't implement it:\n\nErroneous code example:\n\n```compile_fail,E0599\nstruct Mouth;\n\nlet x = Mouth;\nx.chocolate(); // error: no method named `chocolate` found for type `Mouth`\n               //        in the current scope\n```\n\nIn this case, you need to implement the `chocolate` method to fix the error:\n\n```\nstruct Mouth;\n\nimpl Mouth {\n    fn chocolate(&self) { // We implement the `chocolate` method here.\n        println!(\"Hmmm! I love chocolate!\");\n    }\n}\n\nlet x = Mouth;\nx.chocolate(); // ok!\n```\n"},"level":"error","spans":[{"file_name":"src/main.rs","byte_start":579,"byte_end":583,"line_start":19,"line_end":19,"column_start":65,"column_end":69,"is_primary":true,"text":[{"text":"    let nonce = web3.eth().transaction_count(accounts[0], None).wait().unwrap();","highlight_start":65,"highlight_end":69}],"label":"method not found in `CallFuture<U256, _>`","suggested_replacement":null,"suggestion_applicability":null,"expansion":null}],"children":[],"rendered":"\u001b[0m\u001b[1m\u001b[38;5;9merror[E0599]\u001b[0m\u001b[0m\u001b[1m: no method named `wait` found for struct `CallFuture` in the current scope\u001b[0m\n\u001b[0m  \u001b[0m\u001b[0m\u001b[1m\u001b[38;5;12m--> \u001b[0m\u001b[0msrc/main.rs:19:65\u001b[0m\n\u001b[0m   \u001b[0m\u001b[0m\u001b[1m\u001b[38;5;12m|\u001b[0m\n\u001b[0m\u001b[1m\u001b[38;5;12m19\u001b[0m\u001b[0m \u001b[0m\u001b[0m\u001b[1m\u001b[38;5;12m|\u001b[0m\u001b[0m \u001b[0m\u001b[0m    let nonce = web3.eth().transaction_count(accounts[0], None).wait().unwrap();\u001b[0m\n\u001b[0m   \u001b[0m\u001b[0m\u001b[1m\u001b[38;5;12m| \u001b[0m\u001b[0m                                                                \u001b[0m\u001b[0m\u001b[1m\u001b[38;5;9m^^^^\u001b[0m\u001b[0m \u001b[0m\u001b[0m\u001b[1m\u001b[38;5;9mmethod not found in `CallFuture<U256, _>`\u001b[0m\n\n"}
{"message":"no method named `wait` found for struct `CallFuture` in the current scope","code":{"code":"E0599","explanation":"This error occurs when a method is used on a type which doesn't implement it:\n\nErroneous code example:\n\n```compile_fail,E0599\nstruct Mouth;\n\nlet x = Mouth;\nx.chocolate(); // error: no method named `chocolate` found for type `Mouth`\n               //        in the current scope\n```\n\nIn this case, you need to implement the `chocolate` method to fix the error:\n\n```\nstruct Mouth;\n\nimpl Mouth {\n    fn chocolate(&self) { // We implement the `chocolate` method here.\n        println!(\"Hmmm! I love chocolate!\");\n    }\n}\n\nlet x = Mouth;\nx.chocolate(); // ok!\n```\n"},"level":"error","spans":[{"file_name":"src/main.rs","byte_start":977,"byte_end":981,"line_start":32,"line_end":32,"column_start":75,"column_end":79,"is_primary":true,"text":[{"text":"    let tx_hash = web3.eth().send_raw_transaction(Bytes::from(signed_tx)).wait().unwrap();","highlight_start":75,"highlight_end":79}],"label":"method not found in `CallFuture<H256, _>`","suggested_replacement":null,"suggestion_applicability":null,"expansion":null}],"children":[],"rendered":"\u001b[0m\u001b[1m\u001b[38;5;9merror[E0599]\u001b[0m\u001b[0m\u001b[1m: no method named `wait` found for struct `CallFuture` in the current scope\u001b[0m\n\u001b[0m  \u001b[0m\u001b[0m\u001b[1m\u001b[38;5;12m--> \u001b[0m\u001b[0msrc/main.rs:32:75\u001b[0m\n\u001b[0m   \u001b[0m\u001b[0m\u001b[1m\u001b[38;5;12m|\u001b[0m\n\u001b[0m\u001b[1m\u001b[38;5;12m32\u001b[0m\u001b[0m \u001b[0m\u001b[0m\u001b[1m\u001b[38;5;12m|\u001b[0m\u001b[0m \u001b[0m\u001b[0m    let tx_hash = web3.eth().send_raw_transaction(Bytes::from(signed_tx)).wait().unwrap();\u001b[0m\n\u001b[0m   \u001b[0m\u001b[0m\u001b[1m\u001b[38;5;12m| \u001b[0m\u001b[0m                                                                          \u001b[0m\u001b[0m\u001b[1m\u001b[38;5;9m^^^^\u001b[0m\u001b[0m \u001b[0m\u001b[0m\u001b[1m\u001b[38;5;9mmethod not found in `CallFuture<H256, _>`\u001b[0m\n\n"}
{"message":"no method named `wait` found for struct `CallFuture` in the current scope","code":{"code":"E0599","explanation":"This error occurs when a method is used on a type which doesn't implement it:\n\nErroneous code example:\n\n```compile_fail,E0599\nstruct Mouth;\n\nlet x = Mouth;\nx.chocolate(); // error: no method named `chocolate` found for type `Mouth`\n               //        in the current scope\n```\n\nIn this case, you need to implement the `chocolate` method to fix the error:\n\n```\nstruct Mouth;\n\nimpl Mouth {\n    fn chocolate(&self) { // We implement the `chocolate` method here.\n        println!(\"Hmmm! I love chocolate!\");\n    }\n}\n\nlet x = Mouth;\nx.chocolate(); // ok!\n```\n"},"level":"error","spans":[{"file_name":"src/main.rs","byte_start":1057,"byte_end":1061,"line_start":34,"line_end":34,"column_start":63,"column_end":67,"is_primary":true,"text":[{"text":"    let balance_after = web3.eth().balance(accounts[1], None).wait().unwrap();","highlight_start":63,"highlight_end":67}],"label":"method not found in `CallFuture<U256, _>`","suggested_replacement":null,"suggestion_applicability":null,"expansion":null}],"children":[],"rendered":"\u001b[0m\u001b[1m\u001b[38;5;9merror[E0599]\u001b[0m\u001b[0m\u001b[1m: no method named `wait` found for struct `CallFuture` in the current scope\u001b[0m\n\u001b[0m  \u001b[0m\u001b[0m\u001b[1m\u001b[38;5;12m--> \u001b[0m\u001b[0msrc/main.rs:34:63\u001b[0m\n\u001b[0m   \u001b[0m\u001b[0m\u001b[1m\u001b[38;5;12m|\u001b[0m\n\u001b[0m\u001b[1m\u001b[38;5;12m34\u001b[0m\u001b[0m \u001b[0m\u001b[0m\u001b[1m\u001b[38;5;12m|\u001b[0m\u001b[0m \u001b[0m\u001b[0m    let balance_after = web3.eth().balance(accounts[1], None).wait().unwrap();\u001b[0m\n\u001b[0m   \u001b[0m\u001b[0m\u001b[1m\u001b[38;5;12m| \u001b[0m\u001b[0m                                                              \u001b[0m\u001b[0m\u001b[1m\u001b[38;5;9m^^^^\u001b[0m\u001b[0m \u001b[0m\u001b[0m\u001b[1m\u001b[38;5;9mmethod not found in `CallFuture<U256, _>`\u001b[0m\n\n"}
{"message":"aborting due to 9 previous errors; 1 warning emitted","code":null,"level":"error","spans":[],"children":[],"rendered":"\u001b[0m\u001b[1m\u001b[38;5;9merror\u001b[0m\u001b[0m\u001b[1m: aborting due to 9 previous errors; 1 warning emitted\u001b[0m\n\n"}
{"message":"Some errors have detailed explanations: E0308, E0463, E0599.","code":null,"level":"failure-note","spans":[],"children":[],"rendered":"\u001b[0m\u001b[1mSome errors have detailed explanations: E0308, E0463, E0599.\u001b[0m\n"}
{"message":"For more information about an error, try `rustc --explain E0308`.","code":null,"level":"failure-note","spans":[],"children":[],"rendered":"\u001b[0m\u001b[1mFor more information about an error, try `rustc --explain E0308`.\u001b[0m\n"}
